Determining if the pthread_create exist failed with the following output:
Change Dir: /home/siddhant/Comp_Graph_Assigns/IS_F311_Assignments/Second_Assign_3D_Scene/glfw-3.2.1/CMakeFiles/CMakeTmp

Run Build Command:/usr/bin/make "cmTryCompileExec1662673873/fast"
/usr/bin/make -f CMakeFiles/cmTryCompileExec1662673873.dir/build.make CMakeFiles/cmTryCompileExec1662673873.dir/build
make[1]: Entering directory `/home/siddhant/Comp_Graph_Assigns/IS_F311_Assignments/Second_Assign_3D_Scene/glfw-3.2.1/CMakeFiles/CMakeTmp'
/usr/bin/cmake -E cmake_progress_report /home/siddhant/Comp_Graph_Assigns/IS_F311_Assignments/Second_Assign_3D_Scene/glfw-3.2.1/CMakeFiles/CMakeTmp/CMakeFiles 1
Building C object CMakeFiles/cmTryCompileExec1662673873.dir/CheckSymbolExists.c.o
/usr/bin/cc    -o CMakeFiles/cmTryCompileExec1662673873.dir/CheckSymbolExists.c.o   -c /home/siddhant/Comp_Graph_Assigns/IS_F311_Assignments/Second_Assign_3D_Scene/glfw-3.2.1/CMakeFiles/CMakeTmp/CheckSymbolExists.c
Linking C executable cmTryCompileExec1662673873
/usr/bin/cmake -E cmake_link_script CMakeFiles/cmTryCompileExec1662673873.dir/link.txt --verbose=1
/usr/bin/cc       CMakeFiles/cmTryCompileExec1662673873.dir/CheckSymbolExists.c.o  -o cmTryCompileExec1662673873 -rdynamic 
CMakeFiles/cmTryCompileExec1662673873.dir/CheckSymbolExists.c.o: In function `main':
CheckSymbolExists.c:(.text+0x16): undefined reference to `pthread_create'
collect2: error: ld returned 1 exit status
make[1]: Leaving directory `/home/siddhant/Comp_Graph_Assigns/IS_F311_Assignments/Second_Assign_3D_Scene/glfw-3.2.1/CMakeFiles/CMakeTmp'
make[1]: *** [cmTryCompileExec1662673873] Error 1
make: *** [cmTryCompileExec1662673873/fast] Error 2

File /home/siddhant/Comp_Graph_Assigns/IS_F311_Assignments/Second_Assign_3D_Scene/glfw-3.2.1/CMakeFiles/CMakeTmp/CheckSymbolExists.c:
/* */
#include <pthread.h>

int main(int argc, char** argv)
{
  (void)argv;
#ifndef pthread_create
  return ((int*)(&pthread_create))[argc];
#else
  (void)argc;
  return 0;
#endif
}

Determining if the function pthread_create exists in the pthreads failed with the following output:
Change Dir: /home/siddhant/Comp_Graph_Assigns/IS_F311_Assignments/Second_Assign_3D_Scene/glfw-3.2.1/CMakeFiles/CMakeTmp

Run Build Command:/usr/bin/make "cmTryCompileExec258720141/fast"
/usr/bin/make -f CMakeFiles/cmTryCompileExec258720141.dir/build.make CMakeFiles/cmTryCompileExec258720141.dir/build
make[1]: Entering directory `/home/siddhant/Comp_Graph_Assigns/IS_F311_Assignments/Second_Assign_3D_Scene/glfw-3.2.1/CMakeFiles/CMakeTmp'
/usr/bin/cmake -E cmake_progress_report /home/siddhant/Comp_Graph_Assigns/IS_F311_Assignments/Second_Assign_3D_Scene/glfw-3.2.1/CMakeFiles/CMakeTmp/CMakeFiles 1
Building C object CMakeFiles/cmTryCompileExec258720141.dir/CheckFunctionExists.c.o
/usr/bin/cc   -DCHECK_FUNCTION_EXISTS=pthread_create   -o CMakeFiles/cmTryCompileExec258720141.dir/CheckFunctionExists.c.o   -c /usr/share/cmake-2.8/Modules/CheckFunctionExists.c
Linking C executable cmTryCompileExec258720141
/usr/bin/cmake -E cmake_link_script CMakeFiles/cmTryCompileExec258720141.dir/link.txt --verbose=1
/usr/bin/cc   -DCHECK_FUNCTION_EXISTS=pthread_create    CMakeFiles/cmTryCompileExec258720141.dir/CheckFunctionExists.c.o  -o cmTryCompileExec258720141 -rdynamic -lpthreads 
/usr/bin/ld: cannot find -lpthreads
collect2: error: ld returned 1 exit status
make[1]: Leaving directory `/home/siddhant/Comp_Graph_Assigns/IS_F311_Assignments/Second_Assign_3D_Scene/glfw-3.2.1/CMakeFiles/CMakeTmp'
make[1]: *** [cmTryCompileExec258720141] Error 1
make: *** [cmTryCompileExec258720141/fast] Error 2


